<?xml version="1.0" encoding="UTF-8"?>
<!-- Generated by org.testng.reporters.JUnitReportReporter -->
<testsuite skipped="0" hostname="LAPTOP-GVN7F6DN" name="com.revature.testing.TestNGTests" tests="3" failures="0" timestamp="09 May 2018 20:49:41 GMT" time="22.171" errors="0">
  <testcase name="trainerNavButtonTest" time="18.305" classname="com.revature.testing.TestNGTests"/>
  <testcase name="homeSortByNameTest" time="0.639" classname="com.revature.testing.TestNGTests"/>
  <testcase name="trainerLoginTest" time="3.227" classname="com.revature.testing.TestNGTests"/>
</testsuite> <!-- com.revature.testing.TestNGTests -->
