<?xml version="1.0" encoding="UTF-8"?>
<!-- Generated by org.testng.reporters.JUnitReportReporter -->
<testsuite skipped="0" hostname="Austin-Laptop" name="com.revature.testing.TestNGTests" tests="1" failures="0" timestamp="09 May 2018 17:49:20 GMT" time="12.226" errors="0">
  <testcase name="trainerLoginTest" time="12.226" classname="com.revature.testing.TestNGTests"/>
</testsuite> <!-- com.revature.testing.TestNGTests -->
